生成启动时间为 2019/3/31,星期日 15:21:26。
     1>项目“C:\Users\wzy\Desktop\txd\raw12ToBmp\raw12ToBmp\raw12ToBmp.vcxproj”在节点 2 上(build 个目标)。
     1>InitializeBuildStatus:
         正在创建“C:\Users\wzy\Desktop\txd\raw12ToBmp\raw12ToBmp\out\\Debug\raw12ToBmp.unsuccessfulbuild”，因为已指定“AlwaysCreate”。
       ClCompile:
         所有输出均为最新。
         d:\Program Files (x86)\Microsoft Visual Studio 10.0\VC\bin\CL.exe /c /I.\log /ZI /nologo /W3 /WX- /Od /Oy- /D WIN32 /D _DEBUG /D _CONSOLE /D _UNICODE /D UNICODE /Gm /EHsc /RTC1 /MDd /GS /fp:precise /Zc:wchar_t /Zc:forScope /Yu"StdAfx.h" /Fp"C:\Users\wzy\Desktop\txd\raw12ToBmp\raw12ToBmp\out\\Debug\raw12ToBmp.pch" /Fo"C:\Users\wzy\Desktop\txd\raw12ToBmp\raw12ToBmp\out\\Debug\\" /Fd"C:\Users\wzy\Desktop\txd\raw12ToBmp\raw12ToBmp\out\\Debug\vc100.pdb" /Gd /TP /analyze- /errorReport:prompt raw12ToBmp.cpp
         raw12ToBmp.cpp
     1>c:\users\wzy\desktop\txd\raw12tobmp\raw12tobmp\raw12tobmp.cpp(20): warning C4996: 'fopen': This function or variable may be unsafe. Consider using fopen_s instead. To disable deprecation, use _CRT_SECURE_NO_WARNINGS. See online help for details.
                 d:\program files (x86)\microsoft visual studio 10.0\vc\include\stdio.h(234) : 参见“fopen”的声明
     1>c:\users\wzy\desktop\txd\raw12tobmp\raw12tobmp\raw12tobmp.cpp(39): warning C4309: “初始化”: 截断常量值
     1>c:\users\wzy\desktop\txd\raw12tobmp\raw12tobmp\raw12tobmp.cpp(41): warning C4309: “初始化”: 截断常量值
     1>c:\users\wzy\desktop\txd\raw12tobmp\raw12tobmp\raw12tobmp.cpp(99): warning C4996: 'fopen': This function or variable may be unsafe. Consider using fopen_s instead. To disable deprecation, use _CRT_SECURE_NO_WARNINGS. See online help for details.
                 d:\program files (x86)\microsoft visual studio 10.0\vc\include\stdio.h(234) : 参见“fopen”的声明
       ManifestResourceCompile:
         所有输出均为最新。
       Link:
         d:\Program Files (x86)\Microsoft Visual Studio 10.0\VC\bin\link.exe /ERRORREPORT:PROMPT /OUT:"C:\Users\wzy\Desktop\txd\raw12ToBmp\Build\Debug\\raw12ToBmp.exe" /INCREMENTAL /NOLOGO Shlwapi.lib kernel32.lib user32.lib gdi32.lib winspool.lib comdlg32.lib advapi32.lib shell32.lib ole32.lib oleaut32.lib uuid.lib odbc32.lib odbccp32.lib /MANIFEST /ManifestFile:"C:\Users\wzy\Desktop\txd\raw12ToBmp\raw12ToBmp\out\\Debug\raw12ToBmp.exe.intermediate.manifest" /MANIFESTUAC:"level='asInvoker' uiAccess='false'" /DEBUG /PDB:"C:\Users\wzy\Desktop\txd\raw12ToBmp\Build\Debug\raw12ToBmp.pdb" /SUBSYSTEM:CONSOLE /TLBID:1 /DYNAMICBASE /NXCOMPAT /IMPLIB:"C:\Users\wzy\Desktop\txd\raw12ToBmp\Build\Debug\\raw12ToBmp.lib" /MACHINE:X86 C:\Users\wzy\Desktop\txd\raw12ToBmp\raw12ToBmp\out\\Debug\raw12ToBmp.exe.embed.manifest.res
         C:\Users\wzy\Desktop\txd\raw12ToBmp\raw12ToBmp\out\\Debug\raw12ToBmp.obj
         C:\Users\wzy\Desktop\txd\raw12ToBmp\raw12ToBmp\out\\Debug\stdafx.obj
       Manifest:
         C:\Program Files (x86)\Microsoft SDKs\Windows\v7.0A\bin\mt.exe /nologo /verbose /out:"C:\Users\wzy\Desktop\txd\raw12ToBmp\raw12ToBmp\out\\Debug\raw12ToBmp.exe.embed.manifest" /manifest C:\Users\wzy\Desktop\txd\raw12ToBmp\raw12ToBmp\out\\Debug\raw12ToBmp.exe.intermediate.manifest
         所有输出均为最新。
       LinkEmbedManifest:
         所有输出均为最新。
         raw12ToBmp.vcxproj -> C:\Users\wzy\Desktop\txd\raw12ToBmp\Build\Debug\\raw12ToBmp.exe
       FinalizeBuildStatus:
         正在删除文件“C:\Users\wzy\Desktop\txd\raw12ToBmp\raw12ToBmp\out\\Debug\raw12ToBmp.unsuccessfulbuild”。
         正在对“C:\Users\wzy\Desktop\txd\raw12ToBmp\raw12ToBmp\out\\Debug\raw12ToBmp.lastbuildstate”执行 Touch 任务。
     1>已完成生成项目“C:\Users\wzy\Desktop\txd\raw12ToBmp\raw12ToBmp\raw12ToBmp.vcxproj”(build 个目标)的操作。

生成成功。

已用时间 00:00:02.37
