C:\Users\wzy\Desktop\txd\raw12ToBmp\Build\Debug\\raw12ToBmp.exe
C:\Users\wzy\Desktop\txd\raw12ToBmp\Build\Debug\\raw12ToBmp.ilk
C:\Users\wzy\Desktop\txd\raw12ToBmp\Build\Debug\\raw12ToBmp.pdb
C:\USERS\WZY\DESKTOP\TXD\RAW12TOBMP\BUILD\DEBUG\RAW12TOBMP.EXE
C:\USERS\WZY\DESKTOP\TXD\RAW12TOBMP\BUILD\DEBUG\RAW12TOBMP.ILK
C:\USERS\WZY\DESKTOP\TXD\RAW12TOBMP\BUILD\DEBUG\RAW12TOBMP.PDB
C:\Users\wzy\Desktop\txd\raw12ToBmp\raw12ToBmp\out\Debug\cl.command.1.tlog
C:\Users\wzy\Desktop\txd\raw12ToBmp\raw12ToBmp\out\Debug\CL.read.1.tlog
C:\Users\wzy\Desktop\txd\raw12ToBmp\raw12ToBmp\out\Debug\CL.write.1.tlog
C:\Users\wzy\Desktop\txd\raw12ToBmp\raw12ToBmp\out\Debug\link.13060.read.1.tlog
C:\Users\wzy\Desktop\txd\raw12ToBmp\raw12ToBmp\out\Debug\link.13060.write.1.tlog
C:\Users\wzy\Desktop\txd\raw12ToBmp\raw12ToBmp\out\Debug\link.13060-cvtres.read.1.tlog
C:\Users\wzy\Desktop\txd\raw12ToBmp\raw12ToBmp\out\Debug\link.13060-cvtres.write.1.tlog
C:\Users\wzy\Desktop\txd\raw12ToBmp\raw12ToBmp\out\Debug\link.7252.read.1.tlog
C:\Users\wzy\Desktop\txd\raw12ToBmp\raw12ToBmp\out\Debug\link.7252.write.1.tlog
C:\Users\wzy\Desktop\txd\raw12ToBmp\raw12ToBmp\out\Debug\link.7252-cvtres.read.1.tlog
C:\Users\wzy\Desktop\txd\raw12ToBmp\raw12ToBmp\out\Debug\link.7252-cvtres.write.1.tlog
C:\Users\wzy\Desktop\txd\raw12ToBmp\raw12ToBmp\out\Debug\link.command.1.tlog
C:\Users\wzy\Desktop\txd\raw12ToBmp\raw12ToBmp\out\Debug\link.read.1.tlog
C:\Users\wzy\Desktop\txd\raw12ToBmp\raw12ToBmp\out\Debug\link.write.1.tlog
C:\Users\wzy\Desktop\txd\raw12ToBmp\raw12ToBmp\out\Debug\link-cvtres.read.1.tlog
C:\Users\wzy\Desktop\txd\raw12ToBmp\raw12ToBmp\out\Debug\link-cvtres.write.1.tlog
C:\Users\wzy\Desktop\txd\raw12ToBmp\raw12ToBmp\out\Debug\mt.command.1.tlog
C:\Users\wzy\Desktop\txd\raw12ToBmp\raw12ToBmp\out\Debug\mt.read.1.tlog
C:\Users\wzy\Desktop\txd\raw12ToBmp\raw12ToBmp\out\Debug\mt.write.1.tlog
C:\USERS\WZY\DESKTOP\TXD\RAW12TOBMP\RAW12TOBMP\OUT\DEBUG\RAW12TOBMP.EXE.EMBED.MANIFEST
C:\USERS\WZY\DESKTOP\TXD\RAW12TOBMP\RAW12TOBMP\OUT\DEBUG\RAW12TOBMP.EXE.EMBED.MANIFEST.RES
C:\USERS\WZY\DESKTOP\TXD\RAW12TOBMP\RAW12TOBMP\OUT\DEBUG\RAW12TOBMP.EXE.INTERMEDIATE.MANIFEST
C:\USERS\WZY\DESKTOP\TXD\RAW12TOBMP\RAW12TOBMP\OUT\DEBUG\RAW12TOBMP.OBJ
C:\USERS\WZY\DESKTOP\TXD\RAW12TOBMP\RAW12TOBMP\OUT\DEBUG\RAW12TOBMP.PCH
C:\Users\wzy\Desktop\txd\raw12ToBmp\raw12ToBmp\out\Debug\raw12ToBmp.vcxprojResolveAssemblyReference.cache
C:\Users\wzy\Desktop\txd\raw12ToBmp\raw12ToBmp\out\Debug\raw12ToBmp.write.1.tlog
C:\Users\wzy\Desktop\txd\raw12ToBmp\raw12ToBmp\out\Debug\raw12ToBmp_manifest.rc
C:\Users\wzy\Desktop\txd\raw12ToBmp\raw12ToBmp\out\Debug\rc.command.1.tlog
C:\Users\wzy\Desktop\txd\raw12ToBmp\raw12ToBmp\out\Debug\rc.read.1.tlog
C:\Users\wzy\Desktop\txd\raw12ToBmp\raw12ToBmp\out\Debug\rc.write.1.tlog
C:\USERS\WZY\DESKTOP\TXD\RAW12TOBMP\RAW12TOBMP\OUT\DEBUG\STDAFX.OBJ
C:\Users\wzy\Desktop\txd\raw12ToBmp\raw12ToBmp\out\Debug\vc100.idb
C:\USERS\WZY\DESKTOP\TXD\RAW12TOBMP\RAW12TOBMP\OUT\DEBUG\VC100.PDB
